<?xml version="1.0" encoding="UTF-8"?>
<testng-results skipped="0" failed="0" ignored="0" total="1" passed="1">
  <reporter-output>
  </reporter-output>
  <suite name="Default suite" duration-ms="61" started-at="2022-10-07T17:55:17 IST" finished-at="2022-10-07T17:55:17 IST">
    <groups>
    </groups>
    <test name="Default test" duration-ms="61" started-at="2022-10-07T17:55:17 IST" finished-at="2022-10-07T17:55:17 IST">
      <class name="rough.Test2">
        <test-method status="PASS" signature="t2()[pri:0, instance:rough.Test2@4eb7f003]" name="t2" duration-ms="11" started-at="2022-10-07T17:55:17 IST" finished-at="2022-10-07T17:55:17 IST">
          <reporter-output>
          </reporter-output>
        </test-method> <!-- t2 -->
      </class> <!-- rough.Test2 -->
    </test> <!-- Default test -->
  </suite> <!-- Default suite -->
</testng-results>
