<?xml version="1.0" encoding="UTF-8"?>
<!-- Generated by org.testng.reporters.JUnitXMLReporter -->
<testsuite hostname="DESKTOP-N60QB27" ignored="0" name="Login Test" tests="3" failures="0" timestamp="2022-10-07T02:43:35 IST" time="11.818" errors="0">
  <testcase name="loginTest" time="3.877" classname="testcases.TaskPageTest"/>
  <testcase name="navigateToTaskPageTest" time="5.316" classname="testcases.TaskPageTest"/>
  <testcase name="createTaskTest" time="2.392" classname="testcases.TaskPageTest"/>
</testsuite> <!-- Login Test -->
